<?xml version="1.0" encoding="UTF-8"?>
<!-- Generated by org.testng.reporters.JUnitReportReporter -->
<testsuite skipped="0" hostname="DESKTOP-CF5LRRQ" name="edu.com.liqiushui.TestCase" tests="3" failures="0" timestamp="10 五月 2020 00:12:40 GMT" time="83.767" errors="0">
  <testcase name="startUp" time="73.137" classname="edu.com.liqiushui.TestCase"/>
  <testcase name="createchat" time="0.061" classname="edu.com.liqiushui.TestCase"/>
  <testcase name="clickchat" time="10.569" classname="edu.com.liqiushui.TestCase"/>
</testsuite> <!-- edu.com.liqiushui.TestCase -->
