<?xml version="1.0" encoding="UTF-8"?>
<!-- Generated by org.testng.reporters.JUnitReportReporter -->
<testsuite skipped="0" hostname="DESKTOP-CF5LRRQ" name="edu.basetest.BaseTest" tests="1" failures="0" timestamp="07 五月 2020 03:14:50 GMT" time="64.863" errors="0">
  <testcase name="startUp" time="64.863" classname="edu.basetest.BaseTest"/>
</testsuite> <!-- edu.basetest.BaseTest -->
